[2020-06-17T14:51:15.695] [ERROR] Error - {"Error_Name":"","Error_Address":"","Error_Message":"Error: Route.post() requires a callback function but got a [object Undefined]"}
[2020-06-17T14:52:42.218] [ERROR] Error - {"Error_Name":"","Error_Address":"","Error_Message":"Error: Route.post() requires a callback function but got a [object Undefined]"}
[2020-06-17T14:55:23.342] [ERROR] Error - {"Error_Name":"","Error_Address":"","Error_Message":"SyntaxError: Invalid or unexpected token"}
[2020-06-17T14:55:33.802] [ERROR] Error - {"Error_Name":"","Error_Address":"","Error_Message":"Error: Route.post() requires a callback function but got a [object Undefined]"}
[2020-06-17T15:44:07.669] [ERROR] Error - {"Error_Name":"","Error_Address":"","Error_Message":"Error: Route.post() requires a callback function but got a [object Undefined]"}
[2020-06-17T15:47:17.809] [ERROR] Error - {"Error_Name":"","Error_Address":"","Error_Message":"ReferenceError: SparesSchema is not defined"}
[2020-06-17T15:52:28.694] [ERROR] Error - {"Error_Name":"","Error_Address":"","Error_Message":"ReferenceError: SparesSchema is not defined"}
[2020-06-17T15:52:51.028] [ERROR] Error - {"Error_Name":"","Error_Address":"","Error_Message":"ReferenceError: SparesSchema is not defined"}
[2020-06-17T15:53:50.479] [ERROR] Error - {"Error_Name":"","Error_Address":"","Error_Message":"ReferenceError: SparesSchema is not defined"}
[2020-06-17T15:54:24.165] [ERROR] Error - {"Error_Name":"","Error_Address":"","Error_Message":"ReferenceError: SparesSchema is not defined"}
[2020-06-17T15:54:36.036] [ERROR] Error - {"Error_Name":"","Error_Address":"","Error_Message":"ReferenceError: SparesSchema is not defined"}
[2020-06-17T17:17:18.638] [ERROR] Error - {"Error_Name":"Mongodb Connection Error","Error_Address":"Server.js","Error_Message":{"errno":"ECONNREFUSED","code":"ECONNREFUSED","syscall":"querySrv","hostname":"_mongodb._tcp.trainingcluster-9baia.mongodb.net"}}
[2020-06-17T17:17:18.647] [ERROR] Error - {"Error_Name":"","Error_Address":"","Error_Message":{"errno":"ECONNREFUSED","code":"ECONNREFUSED","syscall":"querySrv","hostname":"_mongodb._tcp.trainingcluster-9baia.mongodb.net"}}
[2020-06-17T17:23:54.952] [ERROR] Error - {"Error_Name":"Mongodb Connection Error","Error_Address":"Server.js","Error_Message":{"message":"Could not connect to any servers in your MongoDB Atlas cluster. One common reason is that you're trying to access the database from an IP that isn't whitelisted. Make sure your current IP address is on your Atlas cluster's IP whitelist: https://docs.atlas.mongodb.com/security-whitelist/","reason":{"type":"ReplicaSetNoPrimary","setName":null,"maxSetVersion":null,"maxElectionId":null,"servers":{},"stale":false,"compatible":true,"compatibilityError":null,"logicalSessionTimeoutMinutes":null,"heartbeatFrequencyMS":10000,"localThresholdMS":15,"commonWireVersion":null}}}
[2020-06-17T17:23:54.965] [ERROR] Error - {"Error_Name":"","Error_Address":"","Error_Message":{"message":"Could not connect to any servers in your MongoDB Atlas cluster. One common reason is that you're trying to access the database from an IP that isn't whitelisted. Make sure your current IP address is on your Atlas cluster's IP whitelist: https://docs.atlas.mongodb.com/security-whitelist/","reason":{"type":"ReplicaSetNoPrimary","setName":null,"maxSetVersion":null,"maxElectionId":null,"servers":{},"stale":false,"compatible":true,"compatibilityError":null,"logicalSessionTimeoutMinutes":null,"heartbeatFrequencyMS":10000,"localThresholdMS":15,"commonWireVersion":null}}}
[2020-06-17T17:26:17.516] [ERROR] Error - {"Error_Name":"Mongodb Connection Error","Error_Address":"Server.js","Error_Message":{"message":"Could not connect to any servers in your MongoDB Atlas cluster. One common reason is that you're trying to access the database from an IP that isn't whitelisted. Make sure your current IP address is on your Atlas cluster's IP whitelist: https://docs.atlas.mongodb.com/security-whitelist/","reason":{"type":"ReplicaSetNoPrimary","setName":null,"maxSetVersion":null,"maxElectionId":null,"servers":{},"stale":false,"compatible":true,"compatibilityError":null,"logicalSessionTimeoutMinutes":null,"heartbeatFrequencyMS":10000,"localThresholdMS":15,"commonWireVersion":null}}}
[2020-06-17T17:26:17.531] [ERROR] Error - {"Error_Name":"","Error_Address":"","Error_Message":{"message":"Could not connect to any servers in your MongoDB Atlas cluster. One common reason is that you're trying to access the database from an IP that isn't whitelisted. Make sure your current IP address is on your Atlas cluster's IP whitelist: https://docs.atlas.mongodb.com/security-whitelist/","reason":{"type":"ReplicaSetNoPrimary","setName":null,"maxSetVersion":null,"maxElectionId":null,"servers":{},"stale":false,"compatible":true,"compatibilityError":null,"logicalSessionTimeoutMinutes":null,"heartbeatFrequencyMS":10000,"localThresholdMS":15,"commonWireVersion":null}}}
[2020-06-17T17:27:12.459] [ERROR] Error - {"Error_Name":"Mongodb Connection Error","Error_Address":"Server.js","Error_Message":{"message":"Could not connect to any servers in your MongoDB Atlas cluster. One common reason is that you're trying to access the database from an IP that isn't whitelisted. Make sure your current IP address is on your Atlas cluster's IP whitelist: https://docs.atlas.mongodb.com/security-whitelist/","reason":{"type":"ReplicaSetNoPrimary","setName":null,"maxSetVersion":null,"maxElectionId":null,"servers":{},"stale":false,"compatible":true,"compatibilityError":null,"logicalSessionTimeoutMinutes":null,"heartbeatFrequencyMS":10000,"localThresholdMS":15,"commonWireVersion":null}}}
[2020-06-17T17:27:12.459] [ERROR] Error - {"Error_Name":"","Error_Address":"","Error_Message":{"message":"Could not connect to any servers in your MongoDB Atlas cluster. One common reason is that you're trying to access the database from an IP that isn't whitelisted. Make sure your current IP address is on your Atlas cluster's IP whitelist: https://docs.atlas.mongodb.com/security-whitelist/","reason":{"type":"ReplicaSetNoPrimary","setName":null,"maxSetVersion":null,"maxElectionId":null,"servers":{},"stale":false,"compatible":true,"compatibilityError":null,"logicalSessionTimeoutMinutes":null,"heartbeatFrequencyMS":10000,"localThresholdMS":15,"commonWireVersion":null}}}
[2020-06-17T17:28:26.004] [ERROR] Error - {"Error_Name":"Mongodb Connection Error","Error_Address":"Server.js","Error_Message":{"message":"Could not connect to any servers in your MongoDB Atlas cluster. One common reason is that you're trying to access the database from an IP that isn't whitelisted. Make sure your current IP address is on your Atlas cluster's IP whitelist: https://docs.atlas.mongodb.com/security-whitelist/","reason":{"type":"ReplicaSetNoPrimary","setName":null,"maxSetVersion":null,"maxElectionId":null,"servers":{},"stale":false,"compatible":true,"compatibilityError":null,"logicalSessionTimeoutMinutes":null,"heartbeatFrequencyMS":10000,"localThresholdMS":15,"commonWireVersion":null}}}
[2020-06-17T17:28:26.012] [ERROR] Error - {"Error_Name":"","Error_Address":"","Error_Message":{"message":"Could not connect to any servers in your MongoDB Atlas cluster. One common reason is that you're trying to access the database from an IP that isn't whitelisted. Make sure your current IP address is on your Atlas cluster's IP whitelist: https://docs.atlas.mongodb.com/security-whitelist/","reason":{"type":"ReplicaSetNoPrimary","setName":null,"maxSetVersion":null,"maxElectionId":null,"servers":{},"stale":false,"compatible":true,"compatibilityError":null,"logicalSessionTimeoutMinutes":null,"heartbeatFrequencyMS":10000,"localThresholdMS":15,"commonWireVersion":null}}}
[2020-06-17T17:30:13.124] [ERROR] Error - {"Error_Name":"Mongodb Connection Error","Error_Address":"Server.js","Error_Message":{"message":"Could not connect to any servers in your MongoDB Atlas cluster. One common reason is that you're trying to access the database from an IP that isn't whitelisted. Make sure your current IP address is on your Atlas cluster's IP whitelist: https://docs.atlas.mongodb.com/security-whitelist/","reason":{"type":"ReplicaSetNoPrimary","setName":null,"maxSetVersion":null,"maxElectionId":null,"servers":{},"stale":false,"compatible":true,"compatibilityError":null,"logicalSessionTimeoutMinutes":null,"heartbeatFrequencyMS":10000,"localThresholdMS":15,"commonWireVersion":null}}}
[2020-06-17T17:30:13.132] [ERROR] Error - {"Error_Name":"","Error_Address":"","Error_Message":{"message":"Could not connect to any servers in your MongoDB Atlas cluster. One common reason is that you're trying to access the database from an IP that isn't whitelisted. Make sure your current IP address is on your Atlas cluster's IP whitelist: https://docs.atlas.mongodb.com/security-whitelist/","reason":{"type":"ReplicaSetNoPrimary","setName":null,"maxSetVersion":null,"maxElectionId":null,"servers":{},"stale":false,"compatible":true,"compatibilityError":null,"logicalSessionTimeoutMinutes":null,"heartbeatFrequencyMS":10000,"localThresholdMS":15,"commonWireVersion":null}}}
[2020-06-17T17:51:32.459] [ERROR] Error - {"Error_Name":"","Error_Address":"","Error_Message":"Error: Cannot find module '../../../Controllers/settings/Asset/AssetSettings.controller'\nRequire stack:\n- D:\\Nodeprojects\\Asset-App\\Server\\web\\Routes\\Asset\\Asset.routes.js\n- D:\\Nodeprojects\\Asset-App\\server.js"}
[2020-06-17T17:52:18.191] [ERROR] Error - {"Error_Name":"","Error_Address":"","Error_Message":"Error: Route.post() requires a callback function but got a [object Undefined]"}
[2020-06-17T17:52:24.754] [ERROR] Error - {"Error_Name":"","Error_Address":"","Error_Message":"Error: Route.post() requires a callback function but got a [object Undefined]"}
[2020-06-17T17:59:47.599] [ERROR] Error - {"Error_Name":"","Error_Address":"","Error_Message":"Error: Route.post() requires a callback function but got a [object Undefined]"}
[2020-06-17T17:59:47.743] [ERROR] Error - {"Error_Name":"Mongodb Connection Error","Error_Address":"Server.js","Error_Message":{"errno":"ECONNREFUSED","code":"ECONNREFUSED","syscall":"querySrv","hostname":"_mongodb._tcp.trainingcluster-9baia.mongodb.net"}}
[2020-06-17T17:59:47.759] [ERROR] Error - {"Error_Name":"","Error_Address":"","Error_Message":{"errno":"ECONNREFUSED","code":"ECONNREFUSED","syscall":"querySrv","hostname":"_mongodb._tcp.trainingcluster-9baia.mongodb.net"}}
[2020-06-17T18:00:04.938] [ERROR] Error - {"Error_Name":"","Error_Address":"","Error_Message":"Error: Route.post() requires a callback function but got a [object Undefined]"}
[2020-06-17T18:00:04.954] [ERROR] Error - {"Error_Name":"Mongodb Connection Error","Error_Address":"Server.js","Error_Message":{"errno":"ECONNREFUSED","code":"ECONNREFUSED","syscall":"querySrv","hostname":"_mongodb._tcp.trainingcluster-9baia.mongodb.net"}}
[2020-06-17T18:00:04.958] [ERROR] Error - {"Error_Name":"","Error_Address":"","Error_Message":{"errno":"ECONNREFUSED","code":"ECONNREFUSED","syscall":"querySrv","hostname":"_mongodb._tcp.trainingcluster-9baia.mongodb.net"}}
[2020-06-17T18:00:33.643] [ERROR] Error - {"Error_Name":"","Error_Address":"","Error_Message":"Error: Route.post() requires a callback function but got a [object Undefined]"}
[2020-06-17T18:00:33.659] [ERROR] Error - {"Error_Name":"Mongodb Connection Error","Error_Address":"Server.js","Error_Message":{"errno":"ECONNREFUSED","code":"ECONNREFUSED","syscall":"querySrv","hostname":"_mongodb._tcp.trainingcluster-9baia.mongodb.net"}}
[2020-06-17T18:00:33.662] [ERROR] Error - {"Error_Name":"","Error_Address":"","Error_Message":{"errno":"ECONNREFUSED","code":"ECONNREFUSED","syscall":"querySrv","hostname":"_mongodb._tcp.trainingcluster-9baia.mongodb.net"}}
[2020-06-17T18:01:11.864] [ERROR] Error - {"Error_Name":"","Error_Address":"","Error_Message":"Error: Route.post() requires a callback function but got a [object Undefined]"}
[2020-06-17T18:01:11.884] [ERROR] Error - {"Error_Name":"Mongodb Connection Error","Error_Address":"Server.js","Error_Message":{"errno":"ECONNREFUSED","code":"ECONNREFUSED","syscall":"querySrv","hostname":"_mongodb._tcp.trainingcluster-9baia.mongodb.net"}}
[2020-06-17T18:01:11.888] [ERROR] Error - {"Error_Name":"","Error_Address":"","Error_Message":{"errno":"ECONNREFUSED","code":"ECONNREFUSED","syscall":"querySrv","hostname":"_mongodb._tcp.trainingcluster-9baia.mongodb.net"}}
[2020-06-17T18:01:24.749] [ERROR] Error - {"Error_Name":"","Error_Address":"","Error_Message":"Error: Route.post() requires a callback function but got a [object Undefined]"}
[2020-06-17T18:01:24.781] [ERROR] Error - {"Error_Name":"Mongodb Connection Error","Error_Address":"Server.js","Error_Message":{"errno":"ECONNREFUSED","code":"ECONNREFUSED","syscall":"querySrv","hostname":"_mongodb._tcp.trainingcluster-9baia.mongodb.net"}}
[2020-06-17T18:01:24.785] [ERROR] Error - {"Error_Name":"","Error_Address":"","Error_Message":{"errno":"ECONNREFUSED","code":"ECONNREFUSED","syscall":"querySrv","hostname":"_mongodb._tcp.trainingcluster-9baia.mongodb.net"}}
[2020-06-17T18:01:31.367] [ERROR] Error - {"Error_Name":"","Error_Address":"","Error_Message":"Error: Route.post() requires a callback function but got a [object Undefined]"}
[2020-06-17T18:01:31.395] [ERROR] Error - {"Error_Name":"Mongodb Connection Error","Error_Address":"Server.js","Error_Message":{"errno":"ECONNREFUSED","code":"ECONNREFUSED","syscall":"querySrv","hostname":"_mongodb._tcp.trainingcluster-9baia.mongodb.net"}}
[2020-06-17T18:01:31.399] [ERROR] Error - {"Error_Name":"","Error_Address":"","Error_Message":{"errno":"ECONNREFUSED","code":"ECONNREFUSED","syscall":"querySrv","hostname":"_mongodb._tcp.trainingcluster-9baia.mongodb.net"}}
[2020-06-17T18:01:56.115] [ERROR] Error - {"Error_Name":"","Error_Address":"","Error_Message":"Error: Route.post() requires a callback function but got a [object Undefined]"}
[2020-06-17T18:01:56.143] [ERROR] Error - {"Error_Name":"Mongodb Connection Error","Error_Address":"Server.js","Error_Message":{"errno":"ECONNREFUSED","code":"ECONNREFUSED","syscall":"querySrv","hostname":"_mongodb._tcp.trainingcluster-9baia.mongodb.net"}}
[2020-06-17T18:01:56.147] [ERROR] Error - {"Error_Name":"","Error_Address":"","Error_Message":{"errno":"ECONNREFUSED","code":"ECONNREFUSED","syscall":"querySrv","hostname":"_mongodb._tcp.trainingcluster-9baia.mongodb.net"}}
[2020-06-17T18:02:40.430] [ERROR] Error - {"Error_Name":"","Error_Address":"","Error_Message":"Error: Route.post() requires a callback function but got a [object Undefined]"}
[2020-06-17T18:02:40.442] [ERROR] Error - {"Error_Name":"Mongodb Connection Error","Error_Address":"Server.js","Error_Message":{"errno":"ECONNREFUSED","code":"ECONNREFUSED","syscall":"querySrv","hostname":"_mongodb._tcp.trainingcluster-9baia.mongodb.net"}}
[2020-06-17T18:02:40.446] [ERROR] Error - {"Error_Name":"","Error_Address":"","Error_Message":{"errno":"ECONNREFUSED","code":"ECONNREFUSED","syscall":"querySrv","hostname":"_mongodb._tcp.trainingcluster-9baia.mongodb.net"}}
[2020-06-17T18:03:04.010] [ERROR] Error - {"Error_Name":"","Error_Address":"","Error_Message":"Error: Route.post() requires a callback function but got a [object Undefined]"}
[2020-06-17T18:03:04.034] [ERROR] Error - {"Error_Name":"Mongodb Connection Error","Error_Address":"Server.js","Error_Message":{"errno":"ECONNREFUSED","code":"ECONNREFUSED","syscall":"querySrv","hostname":"_mongodb._tcp.trainingcluster-9baia.mongodb.net"}}
[2020-06-17T18:03:04.038] [ERROR] Error - {"Error_Name":"","Error_Address":"","Error_Message":{"errno":"ECONNREFUSED","code":"ECONNREFUSED","syscall":"querySrv","hostname":"_mongodb._tcp.trainingcluster-9baia.mongodb.net"}}
[2020-06-17T18:03:23.677] [ERROR] Error - {"Error_Name":"","Error_Address":"","Error_Message":"Error: Route.post() requires a callback function but got a [object Undefined]"}
[2020-06-17T18:03:23.705] [ERROR] Error - {"Error_Name":"","Error_Address":"","Error_Message":{"errno":"ECONNREFUSED","code":"ECONNREFUSED","syscall":"querySrv","hostname":"_mongodb._tcp.trainingcluster-9baia.mongodb.net"}}
[2020-06-17T18:03:23.701] [ERROR] Error - {"Error_Name":"Mongodb Connection Error","Error_Address":"Server.js","Error_Message":{"errno":"ECONNREFUSED","code":"ECONNREFUSED","syscall":"querySrv","hostname":"_mongodb._tcp.trainingcluster-9baia.mongodb.net"}}
[2020-06-17T18:06:59.819] [ERROR] Error - {"Error_Name":"","Error_Address":"","Error_Message":"Error: Route.post() requires a callback function but got a [object Undefined]"}
[2020-06-17T18:06:59.891] [ERROR] Error - {"Error_Name":"Mongodb Connection Error","Error_Address":"Server.js","Error_Message":{"errno":"ECONNREFUSED","code":"ECONNREFUSED","syscall":"querySrv","hostname":"_mongodb._tcp.trainingcluster-9baia.mongodb.net"}}
[2020-06-17T18:06:59.899] [ERROR] Error - {"Error_Name":"","Error_Address":"","Error_Message":{"errno":"ECONNREFUSED","code":"ECONNREFUSED","syscall":"querySrv","hostname":"_mongodb._tcp.trainingcluster-9baia.mongodb.net"}}
[2020-06-17T18:07:23.610] [ERROR] Error - {"Error_Name":"","Error_Address":"","Error_Message":"Error: Route.post() requires a callback function but got a [object Undefined]"}
[2020-06-17T18:07:23.841] [ERROR] Error - {"Error_Name":"Mongodb Connection Error","Error_Address":"Server.js","Error_Message":{"errno":"ECONNREFUSED","code":"ECONNREFUSED","syscall":"querySrv","hostname":"_mongodb._tcp.trainingcluster-9baia.mongodb.net"}}
[2020-06-17T18:07:23.845] [ERROR] Error - {"Error_Name":"","Error_Address":"","Error_Message":{"errno":"ECONNREFUSED","code":"ECONNREFUSED","syscall":"querySrv","hostname":"_mongodb._tcp.trainingcluster-9baia.mongodb.net"}}
[2020-06-17T18:07:58.880] [ERROR] Error - {"Error_Name":"","Error_Address":"","Error_Message":"Error: Route.post() requires a callback function but got a [object Undefined]"}
[2020-06-17T18:07:58.900] [ERROR] Error - {"Error_Name":"Mongodb Connection Error","Error_Address":"Server.js","Error_Message":{"errno":"ECONNREFUSED","code":"ECONNREFUSED","syscall":"querySrv","hostname":"_mongodb._tcp.trainingcluster-9baia.mongodb.net"}}
[2020-06-17T18:07:58.904] [ERROR] Error - {"Error_Name":"","Error_Address":"","Error_Message":{"errno":"ECONNREFUSED","code":"ECONNREFUSED","syscall":"querySrv","hostname":"_mongodb._tcp.trainingcluster-9baia.mongodb.net"}}
[2020-06-17T18:09:43.887] [ERROR] Error - {"Error_Name":"","Error_Address":"","Error_Message":"SyntaxError: Identifier 'AssetGroupSchema' has already been declared"}
[2020-06-17T18:09:43.899] [ERROR] Error - {"Error_Name":"Mongodb Connection Error","Error_Address":"Server.js","Error_Message":{"errno":"ECONNREFUSED","code":"ECONNREFUSED","syscall":"querySrv","hostname":"_mongodb._tcp.trainingcluster-9baia.mongodb.net"}}
[2020-06-17T18:09:43.899] [ERROR] Error - {"Error_Name":"","Error_Address":"","Error_Message":{"errno":"ECONNREFUSED","code":"ECONNREFUSED","syscall":"querySrv","hostname":"_mongodb._tcp.trainingcluster-9baia.mongodb.net"}}
[2020-06-17T18:16:10.631] [ERROR] Error - {"Error_Name":"","Error_Address":"","Error_Message":"Error: Route.post() requires a callback function but got a [object Undefined]"}
[2020-06-17T18:16:10.647] [ERROR] Error - {"Error_Name":"Mongodb Connection Error","Error_Address":"Server.js","Error_Message":{"errno":"ECONNREFUSED","code":"ECONNREFUSED","syscall":"querySrv","hostname":"_mongodb._tcp.trainingcluster-9baia.mongodb.net"}}
[2020-06-17T18:16:10.699] [ERROR] Error - {"Error_Name":"","Error_Address":"","Error_Message":{"errno":"ECONNREFUSED","code":"ECONNREFUSED","syscall":"querySrv","hostname":"_mongodb._tcp.trainingcluster-9baia.mongodb.net"}}
[2020-06-17T18:17:12.896] [ERROR] Error - {"Error_Name":"","Error_Address":"","Error_Message":"Error: Route.post() requires a callback function but got a [object Undefined]"}
[2020-06-17T18:17:12.952] [ERROR] Error - {"Error_Name":"Mongodb Connection Error","Error_Address":"Server.js","Error_Message":{"errno":"ECONNREFUSED","code":"ECONNREFUSED","syscall":"querySrv","hostname":"_mongodb._tcp.trainingcluster-9baia.mongodb.net"}}
[2020-06-17T18:17:12.956] [ERROR] Error - {"Error_Name":"","Error_Address":"","Error_Message":{"errno":"ECONNREFUSED","code":"ECONNREFUSED","syscall":"querySrv","hostname":"_mongodb._tcp.trainingcluster-9baia.mongodb.net"}}
[2020-06-17T18:17:41.142] [ERROR] Error - {"Error_Name":"","Error_Address":"","Error_Message":"Error: Route.post() requires a callback function but got a [object Undefined]"}
[2020-06-17T18:17:41.170] [ERROR] Error - {"Error_Name":"","Error_Address":"","Error_Message":{"errno":"ECONNREFUSED","code":"ECONNREFUSED","syscall":"querySrv","hostname":"_mongodb._tcp.trainingcluster-9baia.mongodb.net"}}
[2020-06-17T18:17:41.166] [ERROR] Error - {"Error_Name":"Mongodb Connection Error","Error_Address":"Server.js","Error_Message":{"errno":"ECONNREFUSED","code":"ECONNREFUSED","syscall":"querySrv","hostname":"_mongodb._tcp.trainingcluster-9baia.mongodb.net"}}
[2020-06-17T18:21:21.398] [ERROR] Error - {"Error_Name":"","Error_Address":"","Error_Message":"Error: Route.post() requires a callback function but got a [object Undefined]"}
[2020-06-17T18:21:21.410] [ERROR] Error - {"Error_Name":"Mongodb Connection Error","Error_Address":"Server.js","Error_Message":{"errno":"ECONNREFUSED","code":"ECONNREFUSED","syscall":"querySrv","hostname":"_mongodb._tcp.trainingcluster-9baia.mongodb.net"}}
[2020-06-17T18:21:21.414] [ERROR] Error - {"Error_Name":"","Error_Address":"","Error_Message":{"errno":"ECONNREFUSED","code":"ECONNREFUSED","syscall":"querySrv","hostname":"_mongodb._tcp.trainingcluster-9baia.mongodb.net"}}
[2020-06-17T18:22:51.534] [ERROR] Error - {"Error_Name":"","Error_Address":"","Error_Message":"Error: Route.post() requires a callback function but got a [object Undefined]"}
[2020-06-17T18:22:51.546] [ERROR] Error - {"Error_Name":"Mongodb Connection Error","Error_Address":"Server.js","Error_Message":{"errno":"ECONNREFUSED","code":"ECONNREFUSED","syscall":"querySrv","hostname":"_mongodb._tcp.trainingcluster-9baia.mongodb.net"}}
[2020-06-17T18:22:51.550] [ERROR] Error - {"Error_Name":"","Error_Address":"","Error_Message":{"errno":"ECONNREFUSED","code":"ECONNREFUSED","syscall":"querySrv","hostname":"_mongodb._tcp.trainingcluster-9baia.mongodb.net"}}
[2020-06-17T18:24:41.562] [ERROR] Error - {"Error_Name":"","Error_Address":"","Error_Message":"Error: Route.post() requires a callback function but got a [object Undefined]"}
[2020-06-17T18:24:48.632] [ERROR] Error - {"Error_Name":"","Error_Address":"","Error_Message":"Error: Route.post() requires a callback function but got a [object Undefined]"}
[2020-06-17T18:25:18.836] [ERROR] Error - {"Error_Name":"Mongodb Connection Error","Error_Address":"Server.js","Error_Message":{"message":"Could not connect to any servers in your MongoDB Atlas cluster. One common reason is that you're trying to access the database from an IP that isn't whitelisted. Make sure your current IP address is on your Atlas cluster's IP whitelist: https://docs.atlas.mongodb.com/security-whitelist/","reason":{"type":"ReplicaSetNoPrimary","setName":null,"maxSetVersion":null,"maxElectionId":null,"servers":{},"stale":false,"compatible":true,"compatibilityError":null,"logicalSessionTimeoutMinutes":null,"heartbeatFrequencyMS":10000,"localThresholdMS":15,"commonWireVersion":null}}}
[2020-06-17T18:25:18.841] [ERROR] Error - {"Error_Name":"","Error_Address":"","Error_Message":{"message":"Could not connect to any servers in your MongoDB Atlas cluster. One common reason is that you're trying to access the database from an IP that isn't whitelisted. Make sure your current IP address is on your Atlas cluster's IP whitelist: https://docs.atlas.mongodb.com/security-whitelist/","reason":{"type":"ReplicaSetNoPrimary","setName":null,"maxSetVersion":null,"maxElectionId":null,"servers":{},"stale":false,"compatible":true,"compatibilityError":null,"logicalSessionTimeoutMinutes":null,"heartbeatFrequencyMS":10000,"localThresholdMS":15,"commonWireVersion":null}}}
[2020-06-17T18:26:28.917] [ERROR] Error - {"Error_Name":"","Error_Address":"","Error_Message":"TypeError: Router.use() requires a middleware function but got a Object"}
[2020-06-17T18:27:00.536] [ERROR] Error - {"Error_Name":"Mongodb Connection Error","Error_Address":"Server.js","Error_Message":{"message":"Could not connect to any servers in your MongoDB Atlas cluster. One common reason is that you're trying to access the database from an IP that isn't whitelisted. Make sure your current IP address is on your Atlas cluster's IP whitelist: https://docs.atlas.mongodb.com/security-whitelist/","reason":{"type":"ReplicaSetNoPrimary","setName":null,"maxSetVersion":null,"maxElectionId":null,"servers":{},"stale":false,"compatible":true,"compatibilityError":null,"logicalSessionTimeoutMinutes":null,"heartbeatFrequencyMS":10000,"localThresholdMS":15,"commonWireVersion":null}}}
[2020-06-17T18:27:00.544] [ERROR] Error - {"Error_Name":"","Error_Address":"","Error_Message":{"message":"Could not connect to any servers in your MongoDB Atlas cluster. One common reason is that you're trying to access the database from an IP that isn't whitelisted. Make sure your current IP address is on your Atlas cluster's IP whitelist: https://docs.atlas.mongodb.com/security-whitelist/","reason":{"type":"ReplicaSetNoPrimary","setName":null,"maxSetVersion":null,"maxElectionId":null,"servers":{},"stale":false,"compatible":true,"compatibilityError":null,"logicalSessionTimeoutMinutes":null,"heartbeatFrequencyMS":10000,"localThresholdMS":15,"commonWireVersion":null}}}
[2020-06-17T18:27:47.647] [ERROR] Error - {"Error_Name":"","Error_Address":"","Error_Message":"TypeError: Router.use() requires a middleware function but got a Object"}
[2020-06-17T18:28:17.855] [ERROR] Error - {"Error_Name":"Mongodb Connection Error","Error_Address":"Server.js","Error_Message":{"message":"Could not connect to any servers in your MongoDB Atlas cluster. One common reason is that you're trying to access the database from an IP that isn't whitelisted. Make sure your current IP address is on your Atlas cluster's IP whitelist: https://docs.atlas.mongodb.com/security-whitelist/","reason":{"type":"ReplicaSetNoPrimary","setName":null,"maxSetVersion":null,"maxElectionId":null,"servers":{},"stale":false,"compatible":true,"compatibilityError":null,"logicalSessionTimeoutMinutes":null,"heartbeatFrequencyMS":10000,"localThresholdMS":15,"commonWireVersion":null}}}
[2020-06-17T18:28:17.855] [ERROR] Error - {"Error_Name":"","Error_Address":"","Error_Message":{"message":"Could not connect to any servers in your MongoDB Atlas cluster. One common reason is that you're trying to access the database from an IP that isn't whitelisted. Make sure your current IP address is on your Atlas cluster's IP whitelist: https://docs.atlas.mongodb.com/security-whitelist/","reason":{"type":"ReplicaSetNoPrimary","setName":null,"maxSetVersion":null,"maxElectionId":null,"servers":{},"stale":false,"compatible":true,"compatibilityError":null,"logicalSessionTimeoutMinutes":null,"heartbeatFrequencyMS":10000,"localThresholdMS":15,"commonWireVersion":null}}}
[2020-06-17T18:29:26.215] [ERROR] Error - {"Error_Name":"","Error_Address":"","Error_Message":"TypeError: Router.use() requires a middleware function but got a Object"}
[2020-06-17T19:18:29.064] [ERROR] Error - {"Error_Name":"Asset Type Creation Query Error","Error_Address":"AssetSettings.controller.js","Ip":"::1","Request_From_Origin":"chrome-extension://fhbjgbiflinjbdggehcddcbncdddomop","Request_Url":"/Asset_Type_Create","Request_Body":{"Asset_Type":"Office Asset","Company_Id":"5ed8bc9eba679310987c12cd","Created_By":"5ed8d69fc2b07e09dcd16828","Last_Modified_By":"5ed8d69fc2b07e09dcd16828","Active_Status":"true","If_Deleted":"true"},"If_Get":{},"Device_Info":{"ua":"Mozilla/5.0 (Windows NT 10.0; Win64; x64) AppleWebKit/537.36 (KHTML, like Gecko) Chrome/83.0.4103.106 Safari/537.36","browser":{"name":"Chrome","version":"83.0.4103.106","major":"83"},"engine":{"name":"Blink","version":"83.0.4103.106"},"os":{"name":"Windows","version":"10"},"device":{},"cpu":{"architecture":"amd64"}}}
[2020-06-17T19:18:51.562] [ERROR] Error - {"Error_Name":"Mongodb Connection Error","Error_Address":"Server.js","Error_Message":{"errno":"ECONNREFUSED","code":"ECONNREFUSED","syscall":"querySrv","hostname":"_mongodb._tcp.trainingcluster-9baia.mongodb.net"}}
[2020-06-17T19:18:51.566] [ERROR] Error - {"Error_Name":"","Error_Address":"","Error_Message":{"errno":"ECONNREFUSED","code":"ECONNREFUSED","syscall":"querySrv","hostname":"_mongodb._tcp.trainingcluster-9baia.mongodb.net"}}
[2020-06-17T19:40:30.814] [ERROR] Error - {"Error_Name":"","Error_Address":"","Error_Message":"TypeError: Router.use() requires a middleware function but got a Object"}
[2020-06-17T19:40:47.467] [ERROR] Error - {"Error_Name":"","Error_Address":"","Error_Message":"Error: Route.post() requires a callback function but got a [object Undefined]"}
[2020-06-17T20:01:37.207] [ERROR] Error - {"Error_Name":"","Error_Address":"","Error_Message":"Error: Route.post() requires a callback function but got a [object Undefined]"}
[2020-06-17T20:02:47.266] [ERROR] Error - {"Error_Name":"","Error_Address":"","Error_Message":"Error: Cannot find module '../../../Models/settings/Asset/AssetSettings.model'\nRequire stack:\n- D:\\Nodeprojects\\Asset-App\\Server\\web\\Controllers\\Asset\\Asset.controller.js\n- D:\\Nodeprojects\\Asset-App\\Server\\web\\Routes\\Asset\\Asset.routes.js\n- D:\\Nodeprojects\\Asset-App\\server.js"}
[2020-06-17T20:03:43.329] [ERROR] Error - {"Error_Name":"","Error_Address":"","Error_Message":"Error: Cannot find module '../../../../handling/ErrorHandling'\nRequire stack:\n- D:\\Nodeprojects\\Asset-App\\Server\\web\\Controllers\\Asset\\Asset.controller.js\n- D:\\Nodeprojects\\Asset-App\\Server\\web\\Routes\\Asset\\Asset.routes.js\n- D:\\Nodeprojects\\Asset-App\\server.js"}
[2020-06-17T20:04:00.971] [ERROR] Error - {"Error_Name":"","Error_Address":"","Error_Message":"Error: Cannot find module '../../../../handling/ErrorHandling'\nRequire stack:\n- D:\\Nodeprojects\\Asset-App\\Server\\web\\Controllers\\Asset\\Asset.controller.js\n- D:\\Nodeprojects\\Asset-App\\Server\\web\\Routes\\Asset\\Asset.routes.js\n- D:\\Nodeprojects\\Asset-App\\server.js"}
[2020-06-17T20:07:09.195] [ERROR] Error - {"Error_Name":"","Error_Address":"","Error_Message":"TypeError: Router.use() requires a middleware function but got a Object"}
[2020-06-17T20:07:36.475] [ERROR] Error - {"Error_Name":"","Error_Address":"","Error_Message":"TypeError: Router.use() requires a middleware function but got a Object"}
[2020-06-17T20:07:51.798] [ERROR] Error - {"Error_Name":"","Error_Address":"","Error_Message":"TypeError: Router.use() requires a middleware function but got a Object"}
[2020-06-17T20:08:17.959] [ERROR] Error - {"Error_Name":"","Error_Address":"","Error_Message":"TypeError: Router.use() requires a middleware function but got a Object"}
[2020-06-17T20:09:29.234] [ERROR] Error - {"Error_Name":"","Error_Address":"","Error_Message":"Error: Route.post() requires a callback function but got a [object Undefined]"}
[2020-06-17T20:10:48.629] [ERROR] Error - {"Error_Name":"","Error_Address":"","Error_Message":"Error: Route.post() requires a callback function but got a [object Undefined]"}
[2020-06-17T20:11:07.126] [ERROR] Error - {"Error_Name":"","Error_Address":"","Error_Message":"Error: Route.post() requires a callback function but got a [object Undefined]"}
[2020-06-17T20:14:04.708] [ERROR] Error - {"Error_Name":"","Error_Address":"","Error_Message":"OverwriteModelError: Cannot overwrite `Company_Management` model once compiled."}
[2020-06-17T21:40:15.442] [ERROR] Error - {"Error_Name":"","Error_Address":"","Error_Message":"Error: Route.post() requires a callback function but got a [object Undefined]"}
[2020-06-17T21:40:30.372] [ERROR] Error - {"Error_Name":"","Error_Address":"","Error_Message":"Error: Route.post() requires a callback function but got a [object Undefined]"}
[2020-06-17T21:40:41.066] [ERROR] Error - {"Error_Name":"","Error_Address":"","Error_Message":"Error: Route.post() requires a callback function but got a [object Undefined]"}
